2025-03-08 22:58:31,729 - INFO - Trajectories loaded from C:\Users\xiaon\source\repos\idtrackerai\predict\zebraXformer\data\healthy\c52\trajectories\without_gaps.npy
2025-03-08 22:58:31,908 - INFO - Trajectories loaded from C:\Users\xiaon\source\repos\idtrackerai\predict\zebraXformer\data\healthy\c54\trajectories\without_gaps.npy
2025-03-08 22:58:31,966 - INFO - Trajectories loaded from C:\Users\xiaon\source\repos\idtrackerai\predict\zebraXformer\data\healthy\c89\trajectories\without_gaps.npy
2025-03-08 22:58:32,135 - INFO - Trajectories loaded from C:\Users\xiaon\source\repos\idtrackerai\predict\zebraXformer\data\severe\e86\trajectories\without_gaps.npy
2025-03-08 22:58:32,319 - INFO - Trajectories loaded from C:\Users\xiaon\source\repos\idtrackerai\predict\zebraXformer\data\severe\e82\trajectories\without_gaps.npy
2025-03-08 22:58:32,493 - INFO - Trajectories loaded from C:\Users\xiaon\source\repos\idtrackerai\predict\zebraXformer\data\severe\e85\trajectories\without_gaps.npy
2025-03-08 22:58:32,670 - INFO - Trajectories loaded from C:\Users\xiaon\source\repos\idtrackerai\predict\zebraXformer\data\moderate\e71\trajectories\without_gaps.npy
2025-03-08 22:58:32,953 - INFO - Trajectories loaded from C:\Users\xiaon\source\repos\idtrackerai\predict\zebraXformer\data\moderate\e75\trajectories\without_gaps.npy
2025-03-08 22:58:33,230 - INFO - Trajectories loaded from C:\Users\xiaon\source\repos\idtrackerai\predict\zebraXformer\data\moderate\e74\trajectories\without_gaps.npy
2025-03-08 22:58:33,622 - INFO - Confusion Matrix:
[[19 11  0]
 [ 0 25  5]
 [ 0  0 30]]
2025-03-08 22:58:33,622 - INFO - Classification Report:
                   precision    recall  f1-score   support

          Healthy       1.00      0.63      0.78        30
  Severe Diabetic       0.69      0.83      0.76        30
Moderate Diabetic       0.86      1.00      0.92        30

         accuracy                           0.82        90
        macro avg       0.85      0.82      0.82        90
     weighted avg       0.85      0.82      0.82        90

2025-03-08 22:58:33,622 - INFO - End of evaluation
2025-03-08 22:58:33,623 - INFO - healthy 3 groups: c52, c54, c89
2025-03-08 22:58:33,624 - INFO - Trajectories loaded from C:\Users\xiaon\source\repos\idtrackerai\predict\zebraXformer\data\healthy\c52\trajectories\without_gaps.npy
2025-03-08 22:58:33,799 - INFO - Trajectories loaded from C:\Users\xiaon\source\repos\idtrackerai\predict\zebraXformer\data\healthy\c54\trajectories\without_gaps.npy
2025-03-08 22:58:33,855 - INFO - Trajectories loaded from C:\Users\xiaon\source\repos\idtrackerai\predict\zebraXformer\data\healthy\c89\trajectories\without_gaps.npy
2025-03-08 22:58:34,069 - INFO - Confusion Matrix:
[[19 11  0]
 [ 0  0  0]
 [ 0  0  0]]
2025-03-08 22:58:34,070 - INFO - Classification Report:
                 precision    recall  f1-score   support

        Healthy       1.00      0.63      0.78        30
Severe Diabetic       0.00      0.00      0.00         0

       accuracy                           0.63        30
      macro avg       0.50      0.32      0.39        30
   weighted avg       1.00      0.63      0.78        30

2025-03-08 22:58:34,070 - INFO - End of evaluation
2025-03-08 22:58:34,070 - INFO - Predicting healthy fish, totaling 30 fish
2025-03-08 22:58:34,070 - INFO - severe 3 groups: e82, e85, e86
2025-03-08 22:58:34,071 - INFO - Trajectories loaded from C:\Users\xiaon\source\repos\idtrackerai\predict\zebraXformer\data\severe\e82\trajectories\without_gaps.npy
2025-03-08 22:58:34,242 - INFO - Trajectories loaded from C:\Users\xiaon\source\repos\idtrackerai\predict\zebraXformer\data\severe\e85\trajectories\without_gaps.npy
2025-03-08 22:58:34,410 - INFO - Trajectories loaded from C:\Users\xiaon\source\repos\idtrackerai\predict\zebraXformer\data\severe\e86\trajectories\without_gaps.npy
2025-03-08 22:58:34,623 - INFO - Confusion Matrix:
[[ 0  0  0]
 [ 0 25  5]
 [ 0  0  0]]
2025-03-08 22:58:34,623 - INFO - Classification Report:
                   precision    recall  f1-score   support

Moderate Diabetic       1.00      0.83      0.91        30
  Severe Diabetic       0.00      0.00      0.00         0

         accuracy                           0.83        30
        macro avg       0.50      0.42      0.45        30
     weighted avg       1.00      0.83      0.91        30

2025-03-08 22:58:34,623 - INFO - End of evaluation
2025-03-08 22:58:34,623 - INFO - Predicting severely diabetic fish, totaling 30 fish
2025-03-08 22:58:34,623 - INFO - moderate 3 groups: e71, e74, e75
2025-03-08 22:58:34,624 - INFO - Trajectories loaded from C:\Users\xiaon\source\repos\idtrackerai\predict\zebraXformer\data\moderate\e71\trajectories\without_gaps.npy
2025-03-08 22:58:34,901 - INFO - Trajectories loaded from C:\Users\xiaon\source\repos\idtrackerai\predict\zebraXformer\data\moderate\e74\trajectories\without_gaps.npy
2025-03-08 22:58:35,180 - INFO - Trajectories loaded from C:\Users\xiaon\source\repos\idtrackerai\predict\zebraXformer\data\moderate\e75\trajectories\without_gaps.npy
2025-03-08 22:58:35,519 - INFO - Confusion Matrix:
[[ 0  0  0]
 [ 0  0  0]
 [ 0  0 30]]
2025-03-08 22:58:35,519 - INFO - Classification Report:
                 precision    recall  f1-score   support

Severe Diabetic       1.00      1.00      1.00        30

       accuracy                           1.00        30
      macro avg       1.00      1.00      1.00        30
   weighted avg       1.00      1.00      1.00        30

2025-03-08 22:58:35,519 - INFO - End of evaluation
2025-03-08 22:58:35,519 - INFO - Predicting moderately diabetic fish, totaling 30 fish
2025-03-08 22:58:35,520 - INFO - Trajectories loaded from C:\Users\xiaon\source\repos\idtrackerai\predict\zebraXformer\data\severe\e85\trajectories\without_gaps.npy
2025-03-08 22:58:35,657 - INFO - Confusion Matrix:
[[19 11  0]
 [ 0 25  5]
 [ 0  0 30]]
2025-03-08 22:58:35,658 - INFO - Classification Report:
                   precision    recall  f1-score   support

          Healthy       1.00      0.63      0.78        30
  Severe Diabetic       0.69      0.83      0.76        30
Moderate Diabetic       0.86      1.00      0.92        30

         accuracy                           0.82        90
        macro avg       0.85      0.82      0.82        90
     weighted avg       0.85      0.82      0.82        90

2025-03-08 22:58:35,658 - INFO - End of evaluation
2025-03-08 22:58:35,659 - INFO - Trajectories loaded from C:\Users\xiaon\source\repos\idtrackerai\predict\zebraXformer\data\severe\e85\trajectories\without_gaps.npy
2025-03-08 22:58:35,850 - INFO - Fish 0 Prediction: Severe Diabetic
2025-03-08 22:58:35,852 - INFO - Fish 1 Prediction: Severe Diabetic
2025-03-08 22:58:35,853 - INFO - Fish 2 Prediction: Severe Diabetic
2025-03-08 22:58:35,855 - INFO - Fish 3 Prediction: Severe Diabetic
2025-03-08 22:58:35,857 - INFO - Fish 4 Prediction: Severe Diabetic
2025-03-08 22:58:35,858 - INFO - Fish 5 Prediction: Severe Diabetic
2025-03-08 22:58:35,859 - INFO - Fish 6 Prediction: Severe Diabetic
2025-03-08 22:58:35,861 - INFO - Fish 7 Prediction: Severe Diabetic
2025-03-08 22:58:35,863 - INFO - Fish 8 Prediction: Severe Diabetic
2025-03-08 22:58:35,865 - INFO - Fish 9 Prediction: Severe Diabetic
2025-03-08 22:58:35,866 - INFO - Trajectories loaded from C:\Users\xiaon\source\repos\idtrackerai\predict\zebraXformer\data\severe\e82\trajectories\without_gaps.npy
2025-03-08 22:58:36,045 - INFO - Fish 0 Prediction: Severe Diabetic
2025-03-08 22:58:36,047 - INFO - Fish 1 Prediction: Severe Diabetic
2025-03-08 22:58:36,049 - INFO - Fish 2 Prediction: Severe Diabetic
2025-03-08 22:58:36,052 - INFO - Fish 3 Prediction: Moderate Diabetic
2025-03-08 22:58:36,054 - INFO - Fish 4 Prediction: Moderate Diabetic
2025-03-08 22:58:36,055 - INFO - Fish 5 Prediction: Severe Diabetic
2025-03-08 22:58:36,057 - INFO - Fish 6 Prediction: Moderate Diabetic
2025-03-08 22:58:36,059 - INFO - Fish 7 Prediction: Moderate Diabetic
2025-03-08 22:58:36,060 - INFO - Fish 8 Prediction: Severe Diabetic
2025-03-08 22:58:36,062 - INFO - Fish 9 Prediction: Severe Diabetic
2025-03-08 22:58:36,064 - INFO - Trajectories loaded from C:\Users\xiaon\source\repos\idtrackerai\predict\zebraXformer\data\moderate\e74\trajectories\without_gaps.npy
2025-03-08 22:58:36,342 - INFO - Fish 0 Prediction: Moderate Diabetic
2025-03-08 22:58:36,344 - INFO - Fish 1 Prediction: Moderate Diabetic
2025-03-08 22:58:36,346 - INFO - Fish 2 Prediction: Moderate Diabetic
2025-03-08 22:58:36,347 - INFO - Fish 3 Prediction: Moderate Diabetic
2025-03-08 22:58:36,349 - INFO - Fish 4 Prediction: Moderate Diabetic
2025-03-08 22:58:36,351 - INFO - Fish 5 Prediction: Moderate Diabetic
2025-03-08 22:58:36,352 - INFO - Fish 6 Prediction: Moderate Diabetic
2025-03-08 22:58:36,354 - INFO - Fish 7 Prediction: Moderate Diabetic
2025-03-08 22:58:36,355 - INFO - Fish 8 Prediction: Moderate Diabetic
2025-03-08 22:58:36,358 - INFO - Fish 9 Prediction: Moderate Diabetic
2025-03-08 22:58:36,359 - INFO - Trajectories loaded from C:\Users\xiaon\source\repos\idtrackerai\predict\zebraXformer\data\moderate\e71\trajectories\without_gaps.npy
2025-03-08 22:58:36,638 - INFO - Fish 0 Prediction: Moderate Diabetic
2025-03-08 22:58:36,640 - INFO - Fish 1 Prediction: Moderate Diabetic
2025-03-08 22:58:36,641 - INFO - Fish 2 Prediction: Moderate Diabetic
2025-03-08 22:58:36,643 - INFO - Fish 3 Prediction: Moderate Diabetic
2025-03-08 22:58:36,644 - INFO - Fish 4 Prediction: Moderate Diabetic
2025-03-08 22:58:36,646 - INFO - Fish 5 Prediction: Moderate Diabetic
2025-03-08 22:58:36,647 - INFO - Fish 6 Prediction: Moderate Diabetic
2025-03-08 22:58:36,649 - INFO - Fish 7 Prediction: Moderate Diabetic
2025-03-08 22:58:36,651 - INFO - Fish 8 Prediction: Moderate Diabetic
2025-03-08 22:58:36,653 - INFO - Fish 9 Prediction: Moderate Diabetic
2025-03-08 22:58:36,655 - INFO - Trajectories loaded from C:\Users\xiaon\source\repos\idtrackerai\predict\zebraXformer\data\moderate\e75\trajectories\without_gaps.npy
2025-03-08 22:58:36,933 - INFO - Fish 0 Prediction: Moderate Diabetic
2025-03-08 22:58:36,934 - INFO - Fish 1 Prediction: Moderate Diabetic
2025-03-08 22:58:36,936 - INFO - Fish 2 Prediction: Moderate Diabetic
2025-03-08 22:58:36,938 - INFO - Fish 3 Prediction: Moderate Diabetic
2025-03-08 22:58:36,940 - INFO - Fish 4 Prediction: Moderate Diabetic
2025-03-08 22:58:36,941 - INFO - Fish 5 Prediction: Moderate Diabetic
2025-03-08 22:58:36,943 - INFO - Fish 6 Prediction: Moderate Diabetic
2025-03-08 22:58:36,945 - INFO - Fish 7 Prediction: Moderate Diabetic
2025-03-08 22:58:36,947 - INFO - Fish 8 Prediction: Moderate Diabetic
2025-03-08 22:58:36,949 - INFO - Fish 9 Prediction: Moderate Diabetic
2025-03-08 22:58:36,950 - INFO - Trajectories loaded from C:\Users\xiaon\source\repos\idtrackerai\predict\zebraXformer\data\healthy\c54\trajectories\without_gaps.npy
2025-03-08 22:58:37,008 - INFO - Fish 0 Prediction: Healthy
2025-03-08 22:58:37,010 - INFO - Fish 1 Prediction: Healthy
2025-03-08 22:58:37,012 - INFO - Fish 2 Prediction: Healthy
2025-03-08 22:58:37,014 - INFO - Fish 3 Prediction: Healthy
2025-03-08 22:58:37,015 - INFO - Fish 4 Prediction: Healthy
2025-03-08 22:58:37,017 - INFO - Fish 5 Prediction: Healthy
2025-03-08 22:58:37,018 - INFO - Fish 6 Prediction: Healthy
2025-03-08 22:58:37,020 - INFO - Fish 7 Prediction: Healthy
2025-03-08 22:58:37,022 - INFO - Fish 8 Prediction: Healthy
2025-03-08 22:58:37,024 - INFO - Fish 9 Prediction: Healthy
2025-03-08 22:58:37,025 - INFO - Trajectories loaded from C:\Users\xiaon\source\repos\idtrackerai\predict\zebraXformer\data\healthy\c52\trajectories\without_gaps.npy
2025-03-08 22:58:37,198 - INFO - Fish 0 Prediction: Healthy
2025-03-08 22:58:37,200 - INFO - Fish 1 Prediction: Healthy
2025-03-08 22:58:37,202 - INFO - Fish 2 Prediction: Healthy
2025-03-08 22:58:37,203 - INFO - Fish 3 Prediction: Severe Diabetic
2025-03-08 22:58:37,205 - INFO - Fish 4 Prediction: Healthy
2025-03-08 22:58:37,206 - INFO - Fish 5 Prediction: Healthy
2025-03-08 22:58:37,207 - INFO - Fish 6 Prediction: Healthy
2025-03-08 22:58:37,209 - INFO - Fish 7 Prediction: Healthy
2025-03-08 22:58:37,210 - INFO - Fish 8 Prediction: Severe Diabetic
2025-03-08 22:58:37,212 - INFO - Fish 9 Prediction: Healthy
2025-03-08 22:58:37,213 - INFO - Trajectories loaded from C:\Users\xiaon\source\repos\idtrackerai\predict\zebraXformer\data\healthy\c89\trajectories\without_gaps.npy
2025-03-08 22:58:37,384 - INFO - Fish 0 Prediction: Severe Diabetic
2025-03-08 22:58:37,386 - INFO - Fish 1 Prediction: Severe Diabetic
2025-03-08 22:58:37,387 - INFO - Fish 2 Prediction: Severe Diabetic
2025-03-08 22:58:37,389 - INFO - Fish 3 Prediction: Severe Diabetic
2025-03-08 22:58:37,390 - INFO - Fish 4 Prediction: Severe Diabetic
2025-03-08 22:58:37,391 - INFO - Fish 5 Prediction: Severe Diabetic
2025-03-08 22:58:37,393 - INFO - Fish 6 Prediction: Severe Diabetic
2025-03-08 22:58:37,394 - INFO - Fish 7 Prediction: Healthy
2025-03-08 22:58:37,396 - INFO - Fish 8 Prediction: Severe Diabetic
2025-03-08 22:58:37,397 - INFO - Fish 9 Prediction: Severe Diabetic
