2025-03-07 22:20:11,039 - INFO - Trajectories loaded from C:\Users\xiaon\source\repos\idtrackerai\predict\data\healthy\c52\trajectories\without_gaps.npy
2025-03-07 22:20:11,216 - INFO - Trajectories loaded from C:\Users\xiaon\source\repos\idtrackerai\predict\data\healthy\c54\trajectories\without_gaps.npy
2025-03-07 22:20:11,272 - INFO - Trajectories loaded from C:\Users\xiaon\source\repos\idtrackerai\predict\data\healthy\c89\trajectories\without_gaps.npy
2025-03-07 22:20:11,441 - INFO - Trajectories loaded from C:\Users\xiaon\source\repos\idtrackerai\predict\data\severe\e86\trajectories\without_gaps.npy
2025-03-07 22:20:11,609 - INFO - Trajectories loaded from C:\Users\xiaon\source\repos\idtrackerai\predict\data\severe\e82\trajectories\without_gaps.npy
2025-03-07 22:20:11,775 - INFO - Trajectories loaded from C:\Users\xiaon\source\repos\idtrackerai\predict\data\severe\e85\trajectories\without_gaps.npy
2025-03-07 22:20:11,944 - INFO - Trajectories loaded from C:\Users\xiaon\source\repos\idtrackerai\predict\data\moderate\e71\trajectories\without_gaps.npy
2025-03-07 22:20:12,215 - INFO - Trajectories loaded from C:\Users\xiaon\source\repos\idtrackerai\predict\data\moderate\e75\trajectories\without_gaps.npy
2025-03-07 22:20:12,484 - INFO - Trajectories loaded from C:\Users\xiaon\source\repos\idtrackerai\predict\data\moderate\e74\trajectories\without_gaps.npy
2025-03-07 22:20:12,870 - INFO - Confusion Matrix:
[[30  0  0]
 [ 0 30  0]
 [ 0  4 26]]
2025-03-07 22:20:12,870 - INFO - Classification Report:
                   precision    recall  f1-score   support

          Healthy       1.00      1.00      1.00        30
  Severe Diabetic       0.88      1.00      0.94        30
Moderate Diabetic       1.00      0.87      0.93        30

         accuracy                           0.96        90
        macro avg       0.96      0.96      0.96        90
     weighted avg       0.96      0.96      0.96        90

2025-03-07 22:20:12,871 - INFO - End of evaluation
2025-03-07 22:20:14,777 - INFO - healthy 11 groups: c100, c101, c105, c51, c52, c53, c54, c55, c56, c89, c90
2025-03-07 22:20:14,779 - INFO - Trajectories loaded from C:\Users\xiaon\source\repos\idtrackerai\predict\data\healthy\c100\trajectories\without_gaps.npy
2025-03-07 22:20:14,951 - INFO - Trajectories loaded from C:\Users\xiaon\source\repos\idtrackerai\predict\data\healthy\c101\trajectories\without_gaps.npy
2025-03-07 22:20:15,118 - INFO - Trajectories loaded from C:\Users\xiaon\source\repos\idtrackerai\predict\data\healthy\c105\trajectories\without_gaps.npy
2025-03-07 22:20:15,283 - INFO - Trajectories loaded from C:\Users\xiaon\source\repos\idtrackerai\predict\data\healthy\c51\trajectories\without_gaps.npy
2025-03-07 22:20:15,461 - INFO - Trajectories loaded from C:\Users\xiaon\source\repos\idtrackerai\predict\data\healthy\c52\trajectories\without_gaps.npy
2025-03-07 22:20:15,631 - INFO - Trajectories loaded from C:\Users\xiaon\source\repos\idtrackerai\predict\data\healthy\c53\trajectories\without_gaps.npy
2025-03-07 22:20:15,688 - INFO - Trajectories loaded from C:\Users\xiaon\source\repos\idtrackerai\predict\data\healthy\c54\trajectories\without_gaps.npy
2025-03-07 22:20:15,744 - INFO - Trajectories loaded from C:\Users\xiaon\source\repos\idtrackerai\predict\data\healthy\c55\trajectories\without_gaps.npy
2025-03-07 22:20:15,800 - INFO - Trajectories loaded from C:\Users\xiaon\source\repos\idtrackerai\predict\data\healthy\c56\trajectories\without_gaps.npy
2025-03-07 22:20:15,856 - INFO - Trajectories loaded from C:\Users\xiaon\source\repos\idtrackerai\predict\data\healthy\c89\trajectories\without_gaps.npy
2025-03-07 22:20:16,022 - INFO - Trajectories loaded from C:\Users\xiaon\source\repos\idtrackerai\predict\data\healthy\c90\trajectories\without_gaps.npy
2025-03-07 22:20:16,372 - INFO - Confusion Matrix:
[[94 16  0]
 [ 0  0  0]
 [ 0  0  0]]
2025-03-07 22:20:16,372 - INFO - Classification Report:
                 precision    recall  f1-score   support

        Healthy       1.00      0.85      0.92       110
Severe Diabetic       0.00      0.00      0.00         0

       accuracy                           0.85       110
      macro avg       0.50      0.43      0.46       110
   weighted avg       1.00      0.85      0.92       110

2025-03-07 22:20:16,372 - INFO - End of evaluation
2025-03-07 22:20:16,372 - INFO - Predicting healthy fish, totaling 110 fish
2025-03-07 22:20:37,119 - INFO - severe 7 groups: e79, e82, e85, e86, e87, e88, e94
2025-03-07 22:20:37,121 - INFO - Trajectories loaded from C:\Users\xiaon\source\repos\idtrackerai\predict\data\severe\e79\trajectories\without_gaps.npy
2025-03-07 22:20:37,291 - INFO - Trajectories loaded from C:\Users\xiaon\source\repos\idtrackerai\predict\data\severe\e82\trajectories\without_gaps.npy
2025-03-07 22:20:37,458 - INFO - Trajectories loaded from C:\Users\xiaon\source\repos\idtrackerai\predict\data\severe\e85\trajectories\without_gaps.npy
2025-03-07 22:20:37,623 - INFO - Trajectories loaded from C:\Users\xiaon\source\repos\idtrackerai\predict\data\severe\e86\trajectories\without_gaps.npy
2025-03-07 22:20:37,791 - INFO - Trajectories loaded from C:\Users\xiaon\source\repos\idtrackerai\predict\data\severe\e87\trajectories\without_gaps.npy
2025-03-07 22:20:37,959 - INFO - Trajectories loaded from C:\Users\xiaon\source\repos\idtrackerai\predict\data\severe\e88\trajectories\without_gaps.npy
2025-03-07 22:20:38,127 - INFO - Trajectories loaded from C:\Users\xiaon\source\repos\idtrackerai\predict\data\severe\e94\trajectories\without_gaps.npy
2025-03-07 22:20:38,489 - INFO - Confusion Matrix:
[[ 0  0  0]
 [ 3 66  1]
 [ 0  0  0]]
2025-03-07 22:20:38,489 - INFO - Classification Report:
                   precision    recall  f1-score   support

          Healthy       0.00      0.00      0.00         0
  Severe Diabetic       1.00      0.94      0.97        70
Moderate Diabetic       0.00      0.00      0.00         0

         accuracy                           0.94        70
        macro avg       0.33      0.31      0.32        70
     weighted avg       1.00      0.94      0.97        70

2025-03-07 22:20:38,489 - INFO - End of evaluation
2025-03-07 22:20:38,490 - INFO - Predicting severely diabetic fish, totaling 70 fish
2025-03-07 22:20:47,322 - INFO - moderate 6 groups: e43, e71, e72, e73, e74, e75
2025-03-07 22:20:47,325 - INFO - Trajectories loaded from C:\Users\xiaon\source\repos\idtrackerai\predict\data\moderate\e43\trajectories\without_gaps.npy
2025-03-07 22:20:47,805 - INFO - Trajectories loaded from C:\Users\xiaon\source\repos\idtrackerai\predict\data\moderate\e71\trajectories\without_gaps.npy
2025-03-07 22:20:48,081 - INFO - Trajectories loaded from C:\Users\xiaon\source\repos\idtrackerai\predict\data\moderate\e72\trajectories\without_gaps.npy
2025-03-07 22:20:48,354 - INFO - Trajectories loaded from C:\Users\xiaon\source\repos\idtrackerai\predict\data\moderate\e73\trajectories\without_gaps.npy
2025-03-07 22:20:48,627 - INFO - Trajectories loaded from C:\Users\xiaon\source\repos\idtrackerai\predict\data\moderate\e74\trajectories\without_gaps.npy
2025-03-07 22:20:48,900 - INFO - Trajectories loaded from C:\Users\xiaon\source\repos\idtrackerai\predict\data\moderate\e75\trajectories\without_gaps.npy
2025-03-07 22:20:49,351 - INFO - Confusion Matrix:
[[ 0  0  0]
 [ 0  0  0]
 [ 9 14 36]]
2025-03-07 22:20:49,351 - INFO - Classification Report:
                   precision    recall  f1-score   support

          Healthy       0.00      0.00      0.00         0
  Severe Diabetic       0.00      0.00      0.00         0
Moderate Diabetic       1.00      0.61      0.76        59

         accuracy                           0.61        59
        macro avg       0.33      0.20      0.25        59
     weighted avg       1.00      0.61      0.76        59

2025-03-07 22:20:49,351 - INFO - End of evaluation
2025-03-07 22:20:49,351 - INFO - Predicting moderately diabetic fish, totaling 59 fish
2025-03-07 22:20:49,352 - INFO - Trajectories loaded from C:\Users\xiaon\source\repos\idtrackerai\predict\data\severe\e85\trajectories\without_gaps.npy
2025-03-07 22:20:54,210 - INFO - Confusion Matrix:
[[94 16  0]
 [ 3 66  1]
 [ 9 14 36]]
2025-03-07 22:20:54,210 - INFO - Classification Report:
                   precision    recall  f1-score   support

          Healthy       0.89      0.85      0.87       110
  Severe Diabetic       0.69      0.94      0.80        70
Moderate Diabetic       0.97      0.61      0.75        59

         accuracy                           0.82       239
        macro avg       0.85      0.80      0.81       239
     weighted avg       0.85      0.82      0.82       239

2025-03-07 22:20:54,210 - INFO - End of evaluation
2025-03-07 22:20:56,290 - INFO - Trajectories loaded from C:\Users\xiaon\source\repos\idtrackerai\predict\data\severe\e85\trajectories\without_gaps.npy
2025-03-07 22:20:56,475 - INFO - Fish 0 Prediction: Severe Diabetic
2025-03-07 22:20:56,478 - INFO - Fish 1 Prediction: Severe Diabetic
2025-03-07 22:20:56,480 - INFO - Fish 2 Prediction: Severe Diabetic
2025-03-07 22:20:56,483 - INFO - Fish 3 Prediction: Severe Diabetic
2025-03-07 22:20:56,485 - INFO - Fish 4 Prediction: Severe Diabetic
2025-03-07 22:20:56,488 - INFO - Fish 5 Prediction: Severe Diabetic
2025-03-07 22:20:56,490 - INFO - Fish 6 Prediction: Severe Diabetic
2025-03-07 22:20:56,492 - INFO - Fish 7 Prediction: Severe Diabetic
2025-03-07 22:20:56,494 - INFO - Fish 8 Prediction: Severe Diabetic
2025-03-07 22:20:56,497 - INFO - Fish 9 Prediction: Severe Diabetic
2025-03-07 22:20:56,498 - INFO - Trajectories loaded from C:\Users\xiaon\source\repos\idtrackerai\predict\data\severe\e82\trajectories\without_gaps.npy
2025-03-07 22:20:56,681 - INFO - Fish 0 Prediction: Severe Diabetic
2025-03-07 22:20:56,684 - INFO - Fish 1 Prediction: Severe Diabetic
2025-03-07 22:20:56,685 - INFO - Fish 2 Prediction: Severe Diabetic
2025-03-07 22:20:56,688 - INFO - Fish 3 Prediction: Severe Diabetic
2025-03-07 22:20:56,690 - INFO - Fish 4 Prediction: Severe Diabetic
2025-03-07 22:20:56,693 - INFO - Fish 5 Prediction: Severe Diabetic
2025-03-07 22:20:56,695 - INFO - Fish 6 Prediction: Severe Diabetic
2025-03-07 22:20:56,697 - INFO - Fish 7 Prediction: Severe Diabetic
2025-03-07 22:20:56,699 - INFO - Fish 8 Prediction: Severe Diabetic
2025-03-07 22:20:56,701 - INFO - Fish 9 Prediction: Severe Diabetic
2025-03-07 22:20:56,702 - INFO - Trajectories loaded from C:\Users\xiaon\source\repos\idtrackerai\predict\data\severe\e87\trajectories\without_gaps.npy
2025-03-07 22:20:56,885 - INFO - Fish 0 Prediction: Severe Diabetic
2025-03-07 22:20:56,887 - INFO - Fish 1 Prediction: Severe Diabetic
2025-03-07 22:20:56,889 - INFO - Fish 2 Prediction: Severe Diabetic
2025-03-07 22:20:56,892 - INFO - Fish 3 Prediction: Severe Diabetic
2025-03-07 22:20:56,894 - INFO - Fish 4 Prediction: Healthy
2025-03-07 22:20:56,897 - INFO - Fish 5 Prediction: Healthy
2025-03-07 22:20:56,899 - INFO - Fish 6 Prediction: Severe Diabetic
2025-03-07 22:20:56,901 - INFO - Fish 7 Prediction: Severe Diabetic
2025-03-07 22:20:56,904 - INFO - Fish 8 Prediction: Severe Diabetic
2025-03-07 22:20:56,906 - INFO - Fish 9 Prediction: Healthy
2025-03-07 22:20:56,908 - INFO - Trajectories loaded from C:\Users\xiaon\source\repos\idtrackerai\predict\data\moderate\e74\trajectories\without_gaps.npy
2025-03-07 22:20:57,199 - INFO - Fish 0 Prediction: Moderate Diabetic
2025-03-07 22:20:57,201 - INFO - Fish 1 Prediction: Moderate Diabetic
2025-03-07 22:20:57,204 - INFO - Fish 2 Prediction: Moderate Diabetic
2025-03-07 22:20:57,206 - INFO - Fish 3 Prediction: Moderate Diabetic
2025-03-07 22:20:57,208 - INFO - Fish 4 Prediction: Moderate Diabetic
2025-03-07 22:20:57,210 - INFO - Fish 5 Prediction: Moderate Diabetic
2025-03-07 22:20:57,213 - INFO - Fish 6 Prediction: Severe Diabetic
2025-03-07 22:20:57,215 - INFO - Fish 7 Prediction: Moderate Diabetic
2025-03-07 22:20:57,218 - INFO - Fish 8 Prediction: Moderate Diabetic
2025-03-07 22:20:57,221 - INFO - Fish 9 Prediction: Moderate Diabetic
2025-03-07 22:20:57,222 - INFO - Trajectories loaded from C:\Users\xiaon\source\repos\idtrackerai\predict\data\moderate\e71\trajectories\without_gaps.npy
2025-03-07 22:20:57,511 - INFO - Fish 0 Prediction: Severe Diabetic
2025-03-07 22:20:57,514 - INFO - Fish 1 Prediction: Moderate Diabetic
2025-03-07 22:20:57,516 - INFO - Fish 2 Prediction: Moderate Diabetic
2025-03-07 22:20:57,520 - INFO - Fish 3 Prediction: Moderate Diabetic
2025-03-07 22:20:57,522 - INFO - Fish 4 Prediction: Severe Diabetic
2025-03-07 22:20:57,524 - INFO - Fish 5 Prediction: Severe Diabetic
2025-03-07 22:20:57,527 - INFO - Fish 6 Prediction: Moderate Diabetic
2025-03-07 22:20:57,529 - INFO - Fish 7 Prediction: Moderate Diabetic
2025-03-07 22:20:57,532 - INFO - Fish 8 Prediction: Moderate Diabetic
2025-03-07 22:20:57,535 - INFO - Fish 9 Prediction: Moderate Diabetic
2025-03-07 22:20:57,537 - INFO - Trajectories loaded from C:\Users\xiaon\source\repos\idtrackerai\predict\data\moderate\e75\trajectories\without_gaps.npy
2025-03-07 22:20:57,819 - INFO - Fish 0 Prediction: Moderate Diabetic
2025-03-07 22:20:57,821 - INFO - Fish 1 Prediction: Moderate Diabetic
2025-03-07 22:20:57,823 - INFO - Fish 2 Prediction: Moderate Diabetic
2025-03-07 22:20:57,827 - INFO - Fish 3 Prediction: Moderate Diabetic
2025-03-07 22:20:57,829 - INFO - Fish 4 Prediction: Moderate Diabetic
2025-03-07 22:20:57,832 - INFO - Fish 5 Prediction: Moderate Diabetic
2025-03-07 22:20:57,835 - INFO - Fish 6 Prediction: Moderate Diabetic
2025-03-07 22:20:57,837 - INFO - Fish 7 Prediction: Moderate Diabetic
2025-03-07 22:20:57,839 - INFO - Fish 8 Prediction: Moderate Diabetic
2025-03-07 22:20:57,842 - INFO - Fish 9 Prediction: Moderate Diabetic
2025-03-07 22:20:57,844 - INFO - Trajectories loaded from C:\Users\xiaon\source\repos\idtrackerai\predict\data\healthy\c54\trajectories\without_gaps.npy
2025-03-07 22:20:57,903 - INFO - Fish 0 Prediction: Healthy
2025-03-07 22:20:57,906 - INFO - Fish 1 Prediction: Healthy
2025-03-07 22:20:57,909 - INFO - Fish 2 Prediction: Healthy
2025-03-07 22:20:57,912 - INFO - Fish 3 Prediction: Healthy
2025-03-07 22:20:57,915 - INFO - Fish 4 Prediction: Healthy
2025-03-07 22:20:57,917 - INFO - Fish 5 Prediction: Healthy
2025-03-07 22:20:57,920 - INFO - Fish 6 Prediction: Healthy
2025-03-07 22:20:57,923 - INFO - Fish 7 Prediction: Healthy
2025-03-07 22:20:57,926 - INFO - Fish 8 Prediction: Healthy
2025-03-07 22:20:57,929 - INFO - Fish 9 Prediction: Healthy
2025-03-07 22:20:57,930 - INFO - Trajectories loaded from C:\Users\xiaon\source\repos\idtrackerai\predict\data\healthy\c52\trajectories\without_gaps.npy
2025-03-07 22:20:58,104 - INFO - Fish 0 Prediction: Healthy
2025-03-07 22:20:58,106 - INFO - Fish 1 Prediction: Healthy
2025-03-07 22:20:58,109 - INFO - Fish 2 Prediction: Healthy
2025-03-07 22:20:58,112 - INFO - Fish 3 Prediction: Healthy
2025-03-07 22:20:58,116 - INFO - Fish 4 Prediction: Healthy
2025-03-07 22:20:58,119 - INFO - Fish 5 Prediction: Healthy
2025-03-07 22:20:58,122 - INFO - Fish 6 Prediction: Healthy
2025-03-07 22:20:58,124 - INFO - Fish 7 Prediction: Healthy
2025-03-07 22:20:58,127 - INFO - Fish 8 Prediction: Healthy
2025-03-07 22:20:58,130 - INFO - Fish 9 Prediction: Healthy
2025-03-07 22:20:58,131 - INFO - Trajectories loaded from C:\Users\xiaon\source\repos\idtrackerai\predict\data\healthy\c89\trajectories\without_gaps.npy
2025-03-07 22:20:58,308 - INFO - Fish 0 Prediction: Healthy
2025-03-07 22:20:58,311 - INFO - Fish 1 Prediction: Healthy
2025-03-07 22:20:58,313 - INFO - Fish 2 Prediction: Healthy
2025-03-07 22:20:58,317 - INFO - Fish 3 Prediction: Healthy
2025-03-07 22:20:58,320 - INFO - Fish 4 Prediction: Healthy
2025-03-07 22:20:58,323 - INFO - Fish 5 Prediction: Healthy
2025-03-07 22:20:58,325 - INFO - Fish 6 Prediction: Healthy
2025-03-07 22:20:58,328 - INFO - Fish 7 Prediction: Healthy
2025-03-07 22:20:58,331 - INFO - Fish 8 Prediction: Healthy
2025-03-07 22:20:58,334 - INFO - Fish 9 Prediction: Healthy
2025-03-07 22:20:58,336 - INFO - Trajectories loaded from C:\Users\xiaon\source\repos\idtrackerai\predict\data\healthy\c56\trajectories\without_gaps.npy
2025-03-07 22:20:58,396 - INFO - Fish 0 Prediction: Healthy
2025-03-07 22:20:58,399 - INFO - Fish 1 Prediction: Healthy
2025-03-07 22:20:58,401 - INFO - Fish 2 Prediction: Healthy
2025-03-07 22:20:58,404 - INFO - Fish 3 Prediction: Healthy
2025-03-07 22:20:58,407 - INFO - Fish 4 Prediction: Healthy
2025-03-07 22:20:58,410 - INFO - Fish 5 Prediction: Healthy
2025-03-07 22:20:58,413 - INFO - Fish 6 Prediction: Healthy
2025-03-07 22:20:58,416 - INFO - Fish 7 Prediction: Healthy
2025-03-07 22:20:58,419 - INFO - Fish 8 Prediction: Healthy
2025-03-07 22:20:58,422 - INFO - Fish 9 Prediction: Healthy
