2025-03-07 22:08:23,354 - INFO - Trajectories loaded from C:\Users\xiaon\source\repos\idtrackerai\predict\data\healthy\c52\trajectories\without_gaps.npy
2025-03-07 22:08:23,549 - INFO - Trajectories loaded from C:\Users\xiaon\source\repos\idtrackerai\predict\data\healthy\c54\trajectories\without_gaps.npy
2025-03-07 22:08:23,606 - INFO - Trajectories loaded from C:\Users\xiaon\source\repos\idtrackerai\predict\data\healthy\c89\trajectories\without_gaps.npy
2025-03-07 22:08:23,775 - INFO - Trajectories loaded from C:\Users\xiaon\source\repos\idtrackerai\predict\data\severe\e86\trajectories\without_gaps.npy
2025-03-07 22:08:23,964 - INFO - Trajectories loaded from C:\Users\xiaon\source\repos\idtrackerai\predict\data\severe\e82\trajectories\without_gaps.npy
2025-03-07 22:08:24,133 - INFO - Trajectories loaded from C:\Users\xiaon\source\repos\idtrackerai\predict\data\severe\e85\trajectories\without_gaps.npy
2025-03-07 22:08:24,300 - INFO - Trajectories loaded from C:\Users\xiaon\source\repos\idtrackerai\predict\data\moderate\e71\trajectories\without_gaps.npy
2025-03-07 22:08:24,578 - INFO - Trajectories loaded from C:\Users\xiaon\source\repos\idtrackerai\predict\data\moderate\e75\trajectories\without_gaps.npy
2025-03-07 22:08:24,861 - INFO - Trajectories loaded from C:\Users\xiaon\source\repos\idtrackerai\predict\data\moderate\e74\trajectories\without_gaps.npy
2025-03-07 22:08:25,329 - INFO - Confusion Matrix:
[[30  0  0]
 [ 0 30  0]
 [ 0  4 26]]
2025-03-07 22:08:25,329 - INFO - Classification Report:
                   precision    recall  f1-score   support

          Healthy       1.00      1.00      1.00        30
  Severe Diabetic       0.88      1.00      0.94        30
Moderate Diabetic       1.00      0.87      0.93        30

         accuracy                           0.96        90
        macro avg       0.96      0.96      0.96        90
     weighted avg       0.96      0.96      0.96        90

2025-03-07 22:08:25,329 - INFO - End of evaluation
2025-03-07 22:08:27,000 - INFO - Trajectories loaded from C:\Users\xiaon\source\repos\idtrackerai\predict\data\healthy\c100\trajectories\without_gaps.npy
2025-03-07 22:08:27,192 - INFO - Confusion Matrix:
[[8 2 0]
 [0 0 0]
 [0 0 0]]
2025-03-07 22:08:27,192 - INFO - Classification Report:
                 precision    recall  f1-score   support

        Healthy       1.00      0.80      0.89        10
Severe Diabetic       0.00      0.00      0.00         0

       accuracy                           0.80        10
      macro avg       0.50      0.40      0.44        10
   weighted avg       1.00      0.80      0.89        10

2025-03-07 22:08:27,192 - INFO - End of evaluation
2025-03-07 22:08:27,192 - INFO - Predicting healthy  fish 0 for c100
2025-03-07 22:08:27,194 - INFO - Trajectories loaded from C:\Users\xiaon\source\repos\idtrackerai\predict\data\healthy\c101\trajectories\without_gaps.npy
2025-03-07 22:08:27,383 - INFO - Confusion Matrix:
[[8 2 0]
 [0 0 0]
 [0 0 0]]
2025-03-07 22:08:27,383 - INFO - Classification Report:
                 precision    recall  f1-score   support

        Healthy       1.00      0.80      0.89        10
Severe Diabetic       0.00      0.00      0.00         0

       accuracy                           0.80        10
      macro avg       0.50      0.40      0.44        10
   weighted avg       1.00      0.80      0.89        10

2025-03-07 22:08:27,383 - INFO - End of evaluation
2025-03-07 22:08:27,383 - INFO - Predicting healthy  fish 1 for c101
2025-03-07 22:08:27,384 - INFO - Trajectories loaded from C:\Users\xiaon\source\repos\idtrackerai\predict\data\healthy\c105\trajectories\without_gaps.npy
2025-03-07 22:08:27,568 - INFO - Confusion Matrix:
[[ 0 10  0]
 [ 0  0  0]
 [ 0  0  0]]
2025-03-07 22:08:27,568 - INFO - Classification Report:
                 precision    recall  f1-score   support

        Healthy       0.00      0.00      0.00      10.0
Severe Diabetic       0.00      0.00      0.00       0.0

       accuracy                           0.00      10.0
      macro avg       0.00      0.00      0.00      10.0
   weighted avg       0.00      0.00      0.00      10.0

2025-03-07 22:08:27,568 - INFO - End of evaluation
2025-03-07 22:08:27,569 - INFO - Predicting healthy  fish 2 for c105
2025-03-07 22:08:27,570 - INFO - Trajectories loaded from C:\Users\xiaon\source\repos\idtrackerai\predict\data\healthy\c51\trajectories\without_gaps.npy
2025-03-07 22:08:27,764 - INFO - Confusion Matrix:
[[9 1 0]
 [0 0 0]
 [0 0 0]]
2025-03-07 22:08:27,764 - INFO - Classification Report:
                 precision    recall  f1-score   support

        Healthy       1.00      0.90      0.95        10
Severe Diabetic       0.00      0.00      0.00         0

       accuracy                           0.90        10
      macro avg       0.50      0.45      0.47        10
   weighted avg       1.00      0.90      0.95        10

2025-03-07 22:08:27,764 - INFO - End of evaluation
2025-03-07 22:08:27,765 - INFO - Predicting healthy  fish 3 for c51
2025-03-07 22:08:27,766 - INFO - Trajectories loaded from C:\Users\xiaon\source\repos\idtrackerai\predict\data\healthy\c52\trajectories\without_gaps.npy
2025-03-07 22:08:27,955 - INFO - Confusion Matrix:
[[10  0  0]
 [ 0  0  0]
 [ 0  0  0]]
2025-03-07 22:08:27,955 - INFO - Classification Report:
              precision    recall  f1-score   support

     Healthy       1.00      1.00      1.00        10

    accuracy                           1.00        10
   macro avg       1.00      1.00      1.00        10
weighted avg       1.00      1.00      1.00        10

2025-03-07 22:08:27,955 - INFO - End of evaluation
2025-03-07 22:08:27,956 - INFO - Predicting healthy  fish 4 for c52
2025-03-07 22:08:27,956 - INFO - Trajectories loaded from C:\Users\xiaon\source\repos\idtrackerai\predict\data\healthy\c53\trajectories\without_gaps.npy
2025-03-07 22:08:28,031 - INFO - Confusion Matrix:
[[10  0  0]
 [ 0  0  0]
 [ 0  0  0]]
2025-03-07 22:08:28,032 - INFO - Classification Report:
              precision    recall  f1-score   support

     Healthy       1.00      1.00      1.00        10

    accuracy                           1.00        10
   macro avg       1.00      1.00      1.00        10
weighted avg       1.00      1.00      1.00        10

2025-03-07 22:08:28,032 - INFO - End of evaluation
2025-03-07 22:08:28,032 - INFO - Predicting healthy  fish 5 for c53
2025-03-07 22:08:28,033 - INFO - Trajectories loaded from C:\Users\xiaon\source\repos\idtrackerai\predict\data\healthy\c54\trajectories\without_gaps.npy
2025-03-07 22:08:28,109 - INFO - Confusion Matrix:
[[10  0  0]
 [ 0  0  0]
 [ 0  0  0]]
2025-03-07 22:08:28,109 - INFO - Classification Report:
              precision    recall  f1-score   support

     Healthy       1.00      1.00      1.00        10

    accuracy                           1.00        10
   macro avg       1.00      1.00      1.00        10
weighted avg       1.00      1.00      1.00        10

2025-03-07 22:08:28,109 - INFO - End of evaluation
2025-03-07 22:08:28,109 - INFO - Predicting healthy  fish 6 for c54
2025-03-07 22:08:28,110 - INFO - Trajectories loaded from C:\Users\xiaon\source\repos\idtrackerai\predict\data\healthy\c55\trajectories\without_gaps.npy
2025-03-07 22:08:28,185 - INFO - Confusion Matrix:
[[10  0  0]
 [ 0  0  0]
 [ 0  0  0]]
2025-03-07 22:08:28,185 - INFO - Classification Report:
              precision    recall  f1-score   support

     Healthy       1.00      1.00      1.00        10

    accuracy                           1.00        10
   macro avg       1.00      1.00      1.00        10
weighted avg       1.00      1.00      1.00        10

2025-03-07 22:08:28,185 - INFO - End of evaluation
2025-03-07 22:08:28,185 - INFO - Predicting healthy  fish 7 for c55
2025-03-07 22:08:28,186 - INFO - Trajectories loaded from C:\Users\xiaon\source\repos\idtrackerai\predict\data\healthy\c56\trajectories\without_gaps.npy
2025-03-07 22:08:28,261 - INFO - Confusion Matrix:
[[10  0  0]
 [ 0  0  0]
 [ 0  0  0]]
2025-03-07 22:08:28,261 - INFO - Classification Report:
              precision    recall  f1-score   support

     Healthy       1.00      1.00      1.00        10

    accuracy                           1.00        10
   macro avg       1.00      1.00      1.00        10
weighted avg       1.00      1.00      1.00        10

2025-03-07 22:08:28,261 - INFO - End of evaluation
2025-03-07 22:08:28,261 - INFO - Predicting healthy  fish 8 for c56
2025-03-07 22:08:28,263 - INFO - Trajectories loaded from C:\Users\xiaon\source\repos\idtrackerai\predict\data\healthy\c89\trajectories\without_gaps.npy
2025-03-07 22:08:28,447 - INFO - Confusion Matrix:
[[10  0  0]
 [ 0  0  0]
 [ 0  0  0]]
2025-03-07 22:08:28,447 - INFO - Classification Report:
              precision    recall  f1-score   support

     Healthy       1.00      1.00      1.00        10

    accuracy                           1.00        10
   macro avg       1.00      1.00      1.00        10
weighted avg       1.00      1.00      1.00        10

2025-03-07 22:08:28,447 - INFO - End of evaluation
2025-03-07 22:08:28,447 - INFO - Predicting healthy  fish 9 for c89
2025-03-07 22:08:28,448 - INFO - Trajectories loaded from C:\Users\xiaon\source\repos\idtrackerai\predict\data\healthy\c90\trajectories\without_gaps.npy
2025-03-07 22:08:28,635 - INFO - Confusion Matrix:
[[9 1 0]
 [0 0 0]
 [0 0 0]]
2025-03-07 22:08:28,636 - INFO - Classification Report:
                 precision    recall  f1-score   support

        Healthy       1.00      0.90      0.95        10
Severe Diabetic       0.00      0.00      0.00         0

       accuracy                           0.90        10
      macro avg       0.50      0.45      0.47        10
   weighted avg       1.00      0.90      0.95        10

2025-03-07 22:08:28,636 - INFO - End of evaluation
2025-03-07 22:08:28,636 - INFO - Predicting healthy  fish 10 for c90
2025-03-07 22:08:28,772 - INFO - Confusion Matrix:
[[94 16  0]
 [ 0  0  0]
 [ 0  0  0]]
2025-03-07 22:08:28,772 - INFO - Classification Report:
                 precision    recall  f1-score   support

        Healthy       1.00      0.85      0.92       110
Severe Diabetic       0.00      0.00      0.00         0

       accuracy                           0.85       110
      macro avg       0.50      0.43      0.46       110
   weighted avg       1.00      0.85      0.92       110

2025-03-07 22:08:28,772 - INFO - End of evaluation
2025-03-07 22:08:30,218 - INFO - Trajectories loaded from C:\Users\xiaon\source\repos\idtrackerai\predict\data\severe\e79\trajectories\without_gaps.npy
2025-03-07 22:08:30,411 - INFO - Confusion Matrix:
[[ 0  0  0]
 [ 0 10  0]
 [ 0  0  0]]
2025-03-07 22:08:30,411 - INFO - Classification Report:
                 precision    recall  f1-score   support

Severe Diabetic       1.00      1.00      1.00        10

       accuracy                           1.00        10
      macro avg       1.00      1.00      1.00        10
   weighted avg       1.00      1.00      1.00        10

2025-03-07 22:08:30,411 - INFO - End of evaluation
2025-03-07 22:08:30,411 - INFO - Predicting severe  fish 0 for e79
2025-03-07 22:08:30,412 - INFO - Trajectories loaded from C:\Users\xiaon\source\repos\idtrackerai\predict\data\severe\e82\trajectories\without_gaps.npy
2025-03-07 22:08:30,605 - INFO - Confusion Matrix:
[[ 0  0  0]
 [ 0 10  0]
 [ 0  0  0]]
2025-03-07 22:08:30,605 - INFO - Classification Report:
                 precision    recall  f1-score   support

Severe Diabetic       1.00      1.00      1.00        10

       accuracy                           1.00        10
      macro avg       1.00      1.00      1.00        10
   weighted avg       1.00      1.00      1.00        10

2025-03-07 22:08:30,605 - INFO - End of evaluation
2025-03-07 22:08:30,605 - INFO - Predicting severe  fish 1 for e82
2025-03-07 22:08:30,606 - INFO - Trajectories loaded from C:\Users\xiaon\source\repos\idtrackerai\predict\data\severe\e85\trajectories\without_gaps.npy
2025-03-07 22:08:30,799 - INFO - Confusion Matrix:
[[ 0  0  0]
 [ 0 10  0]
 [ 0  0  0]]
2025-03-07 22:08:30,799 - INFO - Classification Report:
                 precision    recall  f1-score   support

Severe Diabetic       1.00      1.00      1.00        10

       accuracy                           1.00        10
      macro avg       1.00      1.00      1.00        10
   weighted avg       1.00      1.00      1.00        10

2025-03-07 22:08:30,799 - INFO - End of evaluation
2025-03-07 22:08:30,799 - INFO - Predicting severe  fish 2 for e85
2025-03-07 22:08:30,800 - INFO - Trajectories loaded from C:\Users\xiaon\source\repos\idtrackerai\predict\data\severe\e86\trajectories\without_gaps.npy
2025-03-07 22:08:30,996 - INFO - Confusion Matrix:
[[ 0  0  0]
 [ 0 10  0]
 [ 0  0  0]]
2025-03-07 22:08:30,996 - INFO - Classification Report:
                 precision    recall  f1-score   support

Severe Diabetic       1.00      1.00      1.00        10

       accuracy                           1.00        10
      macro avg       1.00      1.00      1.00        10
   weighted avg       1.00      1.00      1.00        10

2025-03-07 22:08:30,996 - INFO - End of evaluation
2025-03-07 22:08:30,996 - INFO - Predicting severe  fish 3 for e86
2025-03-07 22:08:30,997 - INFO - Trajectories loaded from C:\Users\xiaon\source\repos\idtrackerai\predict\data\severe\e87\trajectories\without_gaps.npy
2025-03-07 22:08:31,193 - INFO - Confusion Matrix:
[[0 0 0]
 [3 7 0]
 [0 0 0]]
2025-03-07 22:08:31,193 - INFO - Classification Report:
                 precision    recall  f1-score   support

        Healthy       0.00      0.00      0.00         0
Severe Diabetic       1.00      0.70      0.82        10

       accuracy                           0.70        10
      macro avg       0.50      0.35      0.41        10
   weighted avg       1.00      0.70      0.82        10

2025-03-07 22:08:31,193 - INFO - End of evaluation
2025-03-07 22:08:31,193 - INFO - Predicting severe  fish 4 for e87
2025-03-07 22:08:31,194 - INFO - Trajectories loaded from C:\Users\xiaon\source\repos\idtrackerai\predict\data\severe\e88\trajectories\without_gaps.npy
2025-03-07 22:08:31,392 - INFO - Confusion Matrix:
[[ 0  0  0]
 [ 0 10  0]
 [ 0  0  0]]
2025-03-07 22:08:31,392 - INFO - Classification Report:
                 precision    recall  f1-score   support

Severe Diabetic       1.00      1.00      1.00        10

       accuracy                           1.00        10
      macro avg       1.00      1.00      1.00        10
   weighted avg       1.00      1.00      1.00        10

2025-03-07 22:08:31,392 - INFO - End of evaluation
2025-03-07 22:08:31,392 - INFO - Predicting severe  fish 5 for e88
2025-03-07 22:08:31,393 - INFO - Trajectories loaded from C:\Users\xiaon\source\repos\idtrackerai\predict\data\severe\e94\trajectories\without_gaps.npy
2025-03-07 22:08:31,594 - INFO - Confusion Matrix:
[[0 0 0]
 [0 9 1]
 [0 0 0]]
2025-03-07 22:08:31,594 - INFO - Classification Report:
                   precision    recall  f1-score   support

Moderate Diabetic       1.00      0.90      0.95        10
  Severe Diabetic       0.00      0.00      0.00         0

         accuracy                           0.90        10
        macro avg       0.50      0.45      0.47        10
     weighted avg       1.00      0.90      0.95        10

2025-03-07 22:08:31,594 - INFO - End of evaluation
2025-03-07 22:08:31,595 - INFO - Predicting severe  fish 6 for e94
2025-03-07 22:08:31,786 - INFO - Confusion Matrix:
[[ 0  0  0]
 [ 3 66  1]
 [ 0  0  0]]
2025-03-07 22:08:31,786 - INFO - Classification Report:
                   precision    recall  f1-score   support

          Healthy       0.00      0.00      0.00         0
  Severe Diabetic       1.00      0.94      0.97        70
Moderate Diabetic       0.00      0.00      0.00         0

         accuracy                           0.94        70
        macro avg       0.33      0.31      0.32        70
     weighted avg       1.00      0.94      0.97        70

2025-03-07 22:08:31,787 - INFO - End of evaluation
2025-03-07 22:08:32,772 - INFO - Trajectories loaded from C:\Users\xiaon\source\repos\idtrackerai\predict\data\moderate\e43\trajectories\without_gaps.npy
2025-03-07 22:08:33,281 - INFO - Confusion Matrix:
[[0 0 0]
 [0 0 0]
 [9 0 0]]
2025-03-07 22:08:33,281 - INFO - Classification Report:
                 precision    recall  f1-score   support

        Healthy       0.00      0.00      0.00       0.0
Severe Diabetic       0.00      0.00      0.00       9.0

       accuracy                           0.00       9.0
      macro avg       0.00      0.00      0.00       9.0
   weighted avg       0.00      0.00      0.00       9.0

2025-03-07 22:08:33,282 - INFO - End of evaluation
2025-03-07 22:08:33,282 - INFO - Predicting moderate  fish 0 for e43
2025-03-07 22:08:33,283 - INFO - Trajectories loaded from C:\Users\xiaon\source\repos\idtrackerai\predict\data\moderate\e71\trajectories\without_gaps.npy
2025-03-07 22:08:33,589 - INFO - Confusion Matrix:
[[0 0 0]
 [0 0 0]
 [0 3 7]]
2025-03-07 22:08:33,589 - INFO - Classification Report:
                   precision    recall  f1-score   support

Moderate Diabetic       0.00      0.00      0.00         0
  Severe Diabetic       1.00      0.70      0.82        10

         accuracy                           0.70        10
        macro avg       0.50      0.35      0.41        10
     weighted avg       1.00      0.70      0.82        10

2025-03-07 22:08:33,589 - INFO - End of evaluation
2025-03-07 22:08:33,589 - INFO - Predicting moderate  fish 1 for e71
2025-03-07 22:08:33,590 - INFO - Trajectories loaded from C:\Users\xiaon\source\repos\idtrackerai\predict\data\moderate\e72\trajectories\without_gaps.npy
2025-03-07 22:08:33,895 - INFO - Confusion Matrix:
[[0 0 0]
 [0 0 0]
 [0 3 7]]
2025-03-07 22:08:33,895 - INFO - Classification Report:
                   precision    recall  f1-score   support

Moderate Diabetic       0.00      0.00      0.00         0
  Severe Diabetic       1.00      0.70      0.82        10

         accuracy                           0.70        10
        macro avg       0.50      0.35      0.41        10
     weighted avg       1.00      0.70      0.82        10

2025-03-07 22:08:33,895 - INFO - End of evaluation
2025-03-07 22:08:33,895 - INFO - Predicting moderate  fish 2 for e72
2025-03-07 22:08:33,897 - INFO - Trajectories loaded from C:\Users\xiaon\source\repos\idtrackerai\predict\data\moderate\e73\trajectories\without_gaps.npy
2025-03-07 22:08:34,200 - INFO - Confusion Matrix:
[[0 0 0]
 [0 0 0]
 [0 7 3]]
2025-03-07 22:08:34,200 - INFO - Classification Report:
                   precision    recall  f1-score   support

Moderate Diabetic       0.00      0.00      0.00         0
  Severe Diabetic       1.00      0.30      0.46        10

         accuracy                           0.30        10
        macro avg       0.50      0.15      0.23        10
     weighted avg       1.00      0.30      0.46        10

2025-03-07 22:08:34,200 - INFO - End of evaluation
2025-03-07 22:08:34,200 - INFO - Predicting moderate  fish 3 for e73
2025-03-07 22:08:34,201 - INFO - Trajectories loaded from C:\Users\xiaon\source\repos\idtrackerai\predict\data\moderate\e74\trajectories\without_gaps.npy
2025-03-07 22:08:34,507 - INFO - Confusion Matrix:
[[0 0 0]
 [0 0 0]
 [0 1 9]]
2025-03-07 22:08:34,508 - INFO - Classification Report:
                   precision    recall  f1-score   support

Moderate Diabetic       0.00      0.00      0.00         0
  Severe Diabetic       1.00      0.90      0.95        10

         accuracy                           0.90        10
        macro avg       0.50      0.45      0.47        10
     weighted avg       1.00      0.90      0.95        10

2025-03-07 22:08:34,508 - INFO - End of evaluation
2025-03-07 22:08:34,508 - INFO - Predicting moderate  fish 4 for e74
2025-03-07 22:08:34,509 - INFO - Trajectories loaded from C:\Users\xiaon\source\repos\idtrackerai\predict\data\moderate\e75\trajectories\without_gaps.npy
2025-03-07 22:08:34,813 - INFO - Confusion Matrix:
[[ 0  0  0]
 [ 0  0  0]
 [ 0  0 10]]
2025-03-07 22:08:34,813 - INFO - Classification Report:
                 precision    recall  f1-score   support

Severe Diabetic       1.00      1.00      1.00        10

       accuracy                           1.00        10
      macro avg       1.00      1.00      1.00        10
   weighted avg       1.00      1.00      1.00        10

2025-03-07 22:08:34,814 - INFO - End of evaluation
2025-03-07 22:08:34,814 - INFO - Predicting moderate  fish 5 for e75
2025-03-07 22:08:34,976 - INFO - Confusion Matrix:
[[ 0  0  0]
 [ 0  0  0]
 [ 9 14 36]]
2025-03-07 22:08:34,976 - INFO - Classification Report:
                   precision    recall  f1-score   support

          Healthy       0.00      0.00      0.00         0
  Severe Diabetic       0.00      0.00      0.00         0
Moderate Diabetic       1.00      0.61      0.76        59

         accuracy                           0.61        59
        macro avg       0.33      0.20      0.25        59
     weighted avg       1.00      0.61      0.76        59

2025-03-07 22:08:34,976 - INFO - End of evaluation
2025-03-07 22:08:34,977 - INFO - Trajectories loaded from C:\Users\xiaon\source\repos\idtrackerai\predict\data\severe\e85\trajectories\without_gaps.npy
2025-03-07 22:08:36,465 - INFO - Confusion Matrix:
[[94 16  0]
 [ 3 66  1]
 [ 9 14 36]]
2025-03-07 22:08:36,465 - INFO - Classification Report:
                   precision    recall  f1-score   support

          Healthy       0.89      0.85      0.87       110
  Severe Diabetic       0.69      0.94      0.80        70
Moderate Diabetic       0.97      0.61      0.75        59

         accuracy                           0.82       239
        macro avg       0.85      0.80      0.81       239
     weighted avg       0.85      0.82      0.82       239

2025-03-07 22:08:36,465 - INFO - End of evaluation
2025-03-07 22:08:37,349 - INFO - Trajectories loaded from C:\Users\xiaon\source\repos\idtrackerai\predict\data\severe\e85\trajectories\without_gaps.npy
2025-03-07 22:08:37,537 - INFO - Fish 0 Prediction: Severe Diabetic
2025-03-07 22:08:37,540 - INFO - Fish 1 Prediction: Severe Diabetic
2025-03-07 22:08:37,541 - INFO - Fish 2 Prediction: Severe Diabetic
2025-03-07 22:08:37,542 - INFO - Fish 3 Prediction: Severe Diabetic
2025-03-07 22:08:37,543 - INFO - Fish 4 Prediction: Severe Diabetic
2025-03-07 22:08:37,545 - INFO - Fish 5 Prediction: Severe Diabetic
2025-03-07 22:08:37,546 - INFO - Fish 6 Prediction: Severe Diabetic
2025-03-07 22:08:37,548 - INFO - Fish 7 Prediction: Severe Diabetic
2025-03-07 22:08:37,549 - INFO - Fish 8 Prediction: Severe Diabetic
2025-03-07 22:08:37,551 - INFO - Fish 9 Prediction: Severe Diabetic
2025-03-07 22:08:37,553 - INFO - Trajectories loaded from C:\Users\xiaon\source\repos\idtrackerai\predict\data\severe\e82\trajectories\without_gaps.npy
2025-03-07 22:08:37,720 - INFO - Fish 0 Prediction: Severe Diabetic
2025-03-07 22:08:37,722 - INFO - Fish 1 Prediction: Severe Diabetic
2025-03-07 22:08:37,724 - INFO - Fish 2 Prediction: Severe Diabetic
2025-03-07 22:08:37,726 - INFO - Fish 3 Prediction: Severe Diabetic
2025-03-07 22:08:37,727 - INFO - Fish 4 Prediction: Severe Diabetic
2025-03-07 22:08:37,728 - INFO - Fish 5 Prediction: Severe Diabetic
2025-03-07 22:08:37,730 - INFO - Fish 6 Prediction: Severe Diabetic
2025-03-07 22:08:37,731 - INFO - Fish 7 Prediction: Severe Diabetic
2025-03-07 22:08:37,733 - INFO - Fish 8 Prediction: Severe Diabetic
2025-03-07 22:08:37,734 - INFO - Fish 9 Prediction: Severe Diabetic
2025-03-07 22:08:37,735 - INFO - Trajectories loaded from C:\Users\xiaon\source\repos\idtrackerai\predict\data\severe\e87\trajectories\without_gaps.npy
2025-03-07 22:08:37,899 - INFO - Fish 0 Prediction: Severe Diabetic
2025-03-07 22:08:37,901 - INFO - Fish 1 Prediction: Severe Diabetic
2025-03-07 22:08:37,903 - INFO - Fish 2 Prediction: Severe Diabetic
2025-03-07 22:08:37,904 - INFO - Fish 3 Prediction: Severe Diabetic
2025-03-07 22:08:37,906 - INFO - Fish 4 Prediction: Healthy
2025-03-07 22:08:37,908 - INFO - Fish 5 Prediction: Healthy
2025-03-07 22:08:37,909 - INFO - Fish 6 Prediction: Severe Diabetic
2025-03-07 22:08:37,911 - INFO - Fish 7 Prediction: Severe Diabetic
2025-03-07 22:08:37,912 - INFO - Fish 8 Prediction: Severe Diabetic
2025-03-07 22:08:37,914 - INFO - Fish 9 Prediction: Healthy
2025-03-07 22:08:37,915 - INFO - Trajectories loaded from C:\Users\xiaon\source\repos\idtrackerai\predict\data\moderate\e74\trajectories\without_gaps.npy
2025-03-07 22:08:38,185 - INFO - Fish 0 Prediction: Moderate Diabetic
2025-03-07 22:08:38,187 - INFO - Fish 1 Prediction: Moderate Diabetic
2025-03-07 22:08:38,188 - INFO - Fish 2 Prediction: Moderate Diabetic
2025-03-07 22:08:38,190 - INFO - Fish 3 Prediction: Moderate Diabetic
2025-03-07 22:08:38,191 - INFO - Fish 4 Prediction: Moderate Diabetic
2025-03-07 22:08:38,194 - INFO - Fish 5 Prediction: Moderate Diabetic
2025-03-07 22:08:38,195 - INFO - Fish 6 Prediction: Severe Diabetic
2025-03-07 22:08:38,197 - INFO - Fish 7 Prediction: Moderate Diabetic
2025-03-07 22:08:38,198 - INFO - Fish 8 Prediction: Moderate Diabetic
2025-03-07 22:08:38,200 - INFO - Fish 9 Prediction: Moderate Diabetic
2025-03-07 22:08:38,202 - INFO - Trajectories loaded from C:\Users\xiaon\source\repos\idtrackerai\predict\data\moderate\e71\trajectories\without_gaps.npy
2025-03-07 22:08:38,473 - INFO - Fish 0 Prediction: Severe Diabetic
2025-03-07 22:08:38,475 - INFO - Fish 1 Prediction: Moderate Diabetic
2025-03-07 22:08:38,476 - INFO - Fish 2 Prediction: Moderate Diabetic
2025-03-07 22:08:38,478 - INFO - Fish 3 Prediction: Moderate Diabetic
2025-03-07 22:08:38,479 - INFO - Fish 4 Prediction: Severe Diabetic
2025-03-07 22:08:38,481 - INFO - Fish 5 Prediction: Severe Diabetic
2025-03-07 22:08:38,483 - INFO - Fish 6 Prediction: Moderate Diabetic
2025-03-07 22:08:38,485 - INFO - Fish 7 Prediction: Moderate Diabetic
2025-03-07 22:08:38,486 - INFO - Fish 8 Prediction: Moderate Diabetic
2025-03-07 22:08:38,488 - INFO - Fish 9 Prediction: Moderate Diabetic
2025-03-07 22:08:38,490 - INFO - Trajectories loaded from C:\Users\xiaon\source\repos\idtrackerai\predict\data\moderate\e75\trajectories\without_gaps.npy
2025-03-07 22:08:38,761 - INFO - Fish 0 Prediction: Moderate Diabetic
2025-03-07 22:08:38,763 - INFO - Fish 1 Prediction: Moderate Diabetic
2025-03-07 22:08:38,764 - INFO - Fish 2 Prediction: Moderate Diabetic
2025-03-07 22:08:38,765 - INFO - Fish 3 Prediction: Moderate Diabetic
2025-03-07 22:08:38,767 - INFO - Fish 4 Prediction: Moderate Diabetic
2025-03-07 22:08:38,769 - INFO - Fish 5 Prediction: Moderate Diabetic
2025-03-07 22:08:38,771 - INFO - Fish 6 Prediction: Moderate Diabetic
2025-03-07 22:08:38,773 - INFO - Fish 7 Prediction: Moderate Diabetic
2025-03-07 22:08:38,775 - INFO - Fish 8 Prediction: Moderate Diabetic
2025-03-07 22:08:38,776 - INFO - Fish 9 Prediction: Moderate Diabetic
2025-03-07 22:08:38,777 - INFO - Trajectories loaded from C:\Users\xiaon\source\repos\idtrackerai\predict\data\healthy\c54\trajectories\without_gaps.npy
2025-03-07 22:08:38,834 - INFO - Fish 0 Prediction: Healthy
2025-03-07 22:08:38,836 - INFO - Fish 1 Prediction: Healthy
2025-03-07 22:08:38,838 - INFO - Fish 2 Prediction: Healthy
2025-03-07 22:08:38,839 - INFO - Fish 3 Prediction: Healthy
2025-03-07 22:08:38,841 - INFO - Fish 4 Prediction: Healthy
2025-03-07 22:08:38,843 - INFO - Fish 5 Prediction: Healthy
2025-03-07 22:08:38,844 - INFO - Fish 6 Prediction: Healthy
2025-03-07 22:08:38,846 - INFO - Fish 7 Prediction: Healthy
2025-03-07 22:08:38,848 - INFO - Fish 8 Prediction: Healthy
2025-03-07 22:08:38,850 - INFO - Fish 9 Prediction: Healthy
2025-03-07 22:08:38,851 - INFO - Trajectories loaded from C:\Users\xiaon\source\repos\idtrackerai\predict\data\healthy\c52\trajectories\without_gaps.npy
2025-03-07 22:08:39,021 - INFO - Fish 0 Prediction: Healthy
2025-03-07 22:08:39,024 - INFO - Fish 1 Prediction: Healthy
2025-03-07 22:08:39,026 - INFO - Fish 2 Prediction: Healthy
2025-03-07 22:08:39,027 - INFO - Fish 3 Prediction: Healthy
2025-03-07 22:08:39,029 - INFO - Fish 4 Prediction: Healthy
2025-03-07 22:08:39,031 - INFO - Fish 5 Prediction: Healthy
2025-03-07 22:08:39,033 - INFO - Fish 6 Prediction: Healthy
2025-03-07 22:08:39,034 - INFO - Fish 7 Prediction: Healthy
2025-03-07 22:08:39,036 - INFO - Fish 8 Prediction: Healthy
2025-03-07 22:08:39,038 - INFO - Fish 9 Prediction: Healthy
2025-03-07 22:08:39,039 - INFO - Trajectories loaded from C:\Users\xiaon\source\repos\idtrackerai\predict\data\healthy\c89\trajectories\without_gaps.npy
2025-03-07 22:08:39,206 - INFO - Fish 0 Prediction: Healthy
2025-03-07 22:08:39,208 - INFO - Fish 1 Prediction: Healthy
2025-03-07 22:08:39,210 - INFO - Fish 2 Prediction: Healthy
2025-03-07 22:08:39,211 - INFO - Fish 3 Prediction: Healthy
2025-03-07 22:08:39,214 - INFO - Fish 4 Prediction: Healthy
2025-03-07 22:08:39,216 - INFO - Fish 5 Prediction: Healthy
2025-03-07 22:08:39,218 - INFO - Fish 6 Prediction: Healthy
2025-03-07 22:08:39,220 - INFO - Fish 7 Prediction: Healthy
2025-03-07 22:08:39,222 - INFO - Fish 8 Prediction: Healthy
2025-03-07 22:08:39,224 - INFO - Fish 9 Prediction: Healthy
2025-03-07 22:08:39,225 - INFO - Trajectories loaded from C:\Users\xiaon\source\repos\idtrackerai\predict\data\healthy\c56\trajectories\without_gaps.npy
2025-03-07 22:08:39,284 - INFO - Fish 0 Prediction: Healthy
2025-03-07 22:08:39,286 - INFO - Fish 1 Prediction: Healthy
2025-03-07 22:08:39,288 - INFO - Fish 2 Prediction: Healthy
2025-03-07 22:08:39,290 - INFO - Fish 3 Prediction: Healthy
2025-03-07 22:08:39,292 - INFO - Fish 4 Prediction: Healthy
2025-03-07 22:08:39,294 - INFO - Fish 5 Prediction: Healthy
2025-03-07 22:08:39,296 - INFO - Fish 6 Prediction: Healthy
2025-03-07 22:08:39,298 - INFO - Fish 7 Prediction: Healthy
2025-03-07 22:08:39,300 - INFO - Fish 8 Prediction: Healthy
2025-03-07 22:08:39,302 - INFO - Fish 9 Prediction: Healthy
