2025-03-08 09:39:16,627 - INFO - healthy 9 groups: c100, c105, c52, c53, c54, c55, c56, c89, c90
2025-03-08 09:39:16,628 - INFO - Trajectories loaded from C:\Users\xiaon\source\repos\idtrackerai\predict\ground_truth_std\healthy\c100\trajectories\without_gaps.npy
2025-03-08 09:39:16,806 - INFO - Trajectories loaded from C:\Users\xiaon\source\repos\idtrackerai\predict\ground_truth_std\healthy\c105\trajectories\without_gaps.npy
2025-03-08 09:39:16,972 - INFO - Trajectories loaded from C:\Users\xiaon\source\repos\idtrackerai\predict\ground_truth_std\healthy\c52\trajectories\without_gaps.npy
2025-03-08 09:39:17,156 - INFO - Trajectories loaded from C:\Users\xiaon\source\repos\idtrackerai\predict\ground_truth_std\healthy\c53\trajectories\without_gaps.npy
2025-03-08 09:39:17,212 - INFO - Trajectories loaded from C:\Users\xiaon\source\repos\idtrackerai\predict\ground_truth_std\healthy\c54\trajectories\without_gaps.npy
2025-03-08 09:39:17,268 - INFO - Trajectories loaded from C:\Users\xiaon\source\repos\idtrackerai\predict\ground_truth_std\healthy\c55\trajectories\without_gaps.npy
2025-03-08 09:39:17,324 - INFO - Trajectories loaded from C:\Users\xiaon\source\repos\idtrackerai\predict\ground_truth_std\healthy\c56\trajectories\without_gaps.npy
2025-03-08 09:39:17,381 - INFO - Trajectories loaded from C:\Users\xiaon\source\repos\idtrackerai\predict\ground_truth_std\healthy\c89\trajectories\without_gaps.npy
2025-03-08 09:39:17,555 - INFO - Trajectories loaded from C:\Users\xiaon\source\repos\idtrackerai\predict\ground_truth_std\healthy\c90\trajectories\without_gaps.npy
2025-03-08 09:39:17,728 - INFO - Built dataset for healthy fish, totaling 90 fish
2025-03-08 09:39:17,728 - INFO - severe 6 groups: e79, e82, e85, e86, e88, e94
2025-03-08 09:39:17,729 - INFO - Trajectories loaded from C:\Users\xiaon\source\repos\idtrackerai\predict\ground_truth_std\severe\e79\trajectories\without_gaps.npy
2025-03-08 09:39:17,902 - INFO - Trajectories loaded from C:\Users\xiaon\source\repos\idtrackerai\predict\ground_truth_std\severe\e82\trajectories\without_gaps.npy
2025-03-08 09:39:18,074 - INFO - Trajectories loaded from C:\Users\xiaon\source\repos\idtrackerai\predict\ground_truth_std\severe\e85\trajectories\without_gaps.npy
2025-03-08 09:39:18,248 - INFO - Trajectories loaded from C:\Users\xiaon\source\repos\idtrackerai\predict\ground_truth_std\severe\e86\trajectories\without_gaps.npy
2025-03-08 09:39:18,420 - INFO - Trajectories loaded from C:\Users\xiaon\source\repos\idtrackerai\predict\ground_truth_std\severe\e88\trajectories\without_gaps.npy
2025-03-08 09:39:18,590 - INFO - Trajectories loaded from C:\Users\xiaon\source\repos\idtrackerai\predict\ground_truth_std\severe\e94\trajectories\without_gaps.npy
2025-03-08 09:39:18,761 - INFO - Built dataset for severely diabetic fish, totaling 60 fish
2025-03-08 09:39:18,761 - INFO - moderate 4 groups: e71, e72, e74, e75
2025-03-08 09:39:18,763 - INFO - Trajectories loaded from C:\Users\xiaon\source\repos\idtrackerai\predict\ground_truth_std\moderate\e71\trajectories\without_gaps.npy
2025-03-08 09:39:19,041 - INFO - Trajectories loaded from C:\Users\xiaon\source\repos\idtrackerai\predict\ground_truth_std\moderate\e72\trajectories\without_gaps.npy
2025-03-08 09:39:19,322 - INFO - Trajectories loaded from C:\Users\xiaon\source\repos\idtrackerai\predict\ground_truth_std\moderate\e74\trajectories\without_gaps.npy
2025-03-08 09:39:19,596 - INFO - Trajectories loaded from C:\Users\xiaon\source\repos\idtrackerai\predict\ground_truth_std\moderate\e75\trajectories\without_gaps.npy
2025-03-08 09:39:19,864 - INFO - Built dataset for moderately diabetic fish, totaling 40 fish
2025-03-08 09:39:19,865 - INFO - Trajectories loaded from C:\Users\xiaon\source\repos\idtrackerai\predict\ground_truth_std\severe\e85\trajectories\without_gaps.npy
2025-03-08 09:39:43,036 - INFO - Epoch 1/1000, Pretrain MSE Loss = 0.9517
2025-03-08 09:39:51,389 - INFO - Epoch 41/1000, Pretrain MSE Loss = 0.2974
2025-03-08 09:40:00,420 - INFO - Epoch 81/1000, Pretrain MSE Loss = 0.1701
2025-03-08 09:40:10,897 - INFO - Epoch 121/1000, Pretrain MSE Loss = 0.1407
2025-03-08 09:40:21,251 - INFO - Epoch 161/1000, Pretrain MSE Loss = 0.1056
2025-03-08 09:40:30,587 - INFO - Epoch 201/1000, Pretrain MSE Loss = 0.0922
2025-03-08 09:40:38,839 - INFO - Epoch 241/1000, Pretrain MSE Loss = 0.0616
2025-03-08 09:40:47,095 - INFO - Epoch 281/1000, Pretrain MSE Loss = 0.0597
2025-03-08 09:40:55,344 - INFO - Epoch 321/1000, Pretrain MSE Loss = 0.0653
2025-03-08 09:41:03,581 - INFO - Epoch 361/1000, Pretrain MSE Loss = 0.0564
2025-03-08 09:41:11,808 - INFO - Epoch 401/1000, Pretrain MSE Loss = 0.0433
2025-03-08 09:41:20,026 - INFO - Epoch 441/1000, Pretrain MSE Loss = 0.0915
2025-03-08 09:41:28,241 - INFO - Epoch 481/1000, Pretrain MSE Loss = 0.0761
2025-03-08 09:41:36,491 - INFO - Epoch 521/1000, Pretrain MSE Loss = 0.0509
2025-03-08 09:41:44,746 - INFO - Epoch 561/1000, Pretrain MSE Loss = 0.0514
2025-03-08 09:41:52,862 - INFO - Epoch 601/1000, Pretrain MSE Loss = 0.0383
2025-03-08 09:42:02,383 - INFO - Epoch 641/1000, Pretrain MSE Loss = 0.0401
2025-03-08 09:42:12,799 - INFO - Epoch 681/1000, Pretrain MSE Loss = 0.0344
2025-03-08 09:42:23,448 - INFO - Epoch 721/1000, Pretrain MSE Loss = 0.0335
2025-03-08 09:42:33,911 - INFO - Epoch 761/1000, Pretrain MSE Loss = 0.0416
2025-03-08 09:42:44,245 - INFO - Epoch 801/1000, Pretrain MSE Loss = 0.0414
2025-03-08 09:42:54,600 - INFO - Epoch 841/1000, Pretrain MSE Loss = 0.0435
2025-03-08 09:43:04,831 - INFO - Epoch 881/1000, Pretrain MSE Loss = 0.0287
2025-03-08 09:43:15,174 - INFO - Epoch 921/1000, Pretrain MSE Loss = 0.0379
2025-03-08 09:43:25,740 - INFO - Epoch 961/1000, Pretrain MSE Loss = 0.0358
2025-03-08 09:43:34,040 - INFO - Epoch 1/1000, Train Loss = 1.1047, Train Acc = 0.48
2025-03-08 09:43:37,424 - INFO - Epoch 41/1000, Train Loss = 0.6863, Train Acc = 0.72
2025-03-08 09:43:40,812 - INFO - Epoch 81/1000, Train Loss = 0.5685, Train Acc = 0.74
2025-03-08 09:43:44,218 - INFO - Epoch 121/1000, Train Loss = 0.5084, Train Acc = 0.78
2025-03-08 09:43:47,681 - INFO - Epoch 161/1000, Train Loss = 0.4731, Train Acc = 0.80
2025-03-08 09:43:51,084 - INFO - Epoch 201/1000, Train Loss = 0.4552, Train Acc = 0.83
2025-03-08 09:43:54,493 - INFO - Epoch 241/1000, Train Loss = 0.4383, Train Acc = 0.82
2025-03-08 09:43:58,240 - INFO - Epoch 281/1000, Train Loss = 0.4124, Train Acc = 0.85
2025-03-08 09:44:02,405 - INFO - Epoch 321/1000, Train Loss = 0.4062, Train Acc = 0.83
2025-03-08 09:44:06,528 - INFO - Epoch 361/1000, Train Loss = 0.4001, Train Acc = 0.85
2025-03-08 09:44:10,971 - INFO - Epoch 401/1000, Train Loss = 0.3912, Train Acc = 0.84
2025-03-08 09:44:15,378 - INFO - Epoch 441/1000, Train Loss = 0.3838, Train Acc = 0.86
2025-03-08 09:44:19,635 - INFO - Epoch 481/1000, Train Loss = 0.3675, Train Acc = 0.86
2025-03-08 09:44:24,104 - INFO - Epoch 521/1000, Train Loss = 0.3866, Train Acc = 0.84
2025-03-08 09:44:28,104 - INFO - Epoch 561/1000, Train Loss = 0.3645, Train Acc = 0.86
2025-03-08 09:44:31,749 - INFO - Epoch 601/1000, Train Loss = 0.3668, Train Acc = 0.85
2025-03-08 09:44:35,354 - INFO - Epoch 641/1000, Train Loss = 0.3535, Train Acc = 0.84
2025-03-08 09:44:39,017 - INFO - Epoch 681/1000, Train Loss = 0.3572, Train Acc = 0.86
2025-03-08 09:44:42,654 - INFO - Epoch 721/1000, Train Loss = 0.3410, Train Acc = 0.86
2025-03-08 09:44:46,242 - INFO - Epoch 761/1000, Train Loss = 0.3477, Train Acc = 0.86
2025-03-08 09:44:49,865 - INFO - Epoch 801/1000, Train Loss = 0.3382, Train Acc = 0.86
2025-03-08 09:44:53,540 - INFO - Epoch 841/1000, Train Loss = 0.3423, Train Acc = 0.86
2025-03-08 09:44:57,088 - INFO - Epoch 881/1000, Train Loss = 0.3402, Train Acc = 0.88
2025-03-08 09:45:00,853 - INFO - Epoch 921/1000, Train Loss = 0.3365, Train Acc = 0.85
2025-03-08 09:45:04,683 - INFO - Epoch 961/1000, Train Loss = 0.3298, Train Acc = 0.86
2025-03-08 09:45:08,440 - INFO - Confusion Matrix:
[[77 13  0]
 [ 6 54  0]
 [ 0 18 22]]
2025-03-08 09:45:08,440 - INFO - Classification Report:
                   precision    recall  f1-score   support

          Healthy       0.93      0.86      0.89        90
  Severe Diabetic       0.64      0.90      0.74        60
Moderate Diabetic       1.00      0.55      0.71        40

         accuracy                           0.81       190
        macro avg       0.85      0.77      0.78       190
     weighted avg       0.85      0.81      0.81       190

2025-03-08 09:45:08,440 - INFO - End of evaluation
2025-03-08 09:45:08,522 - INFO - Confusion Matrix:
[[77 13  0]
 [ 6 54  0]
 [ 0 18 22]]
2025-03-08 09:45:08,522 - INFO - Classification Report:
                   precision    recall  f1-score   support

          Healthy       0.93      0.86      0.89        90
  Severe Diabetic       0.64      0.90      0.74        60
Moderate Diabetic       1.00      0.55      0.71        40

         accuracy                           0.81       190
        macro avg       0.85      0.77      0.78       190
     weighted avg       0.85      0.81      0.81       190

2025-03-08 09:45:08,522 - INFO - End of evaluation
2025-03-08 09:45:08,523 - INFO - Trajectories loaded from C:\Users\xiaon\source\repos\idtrackerai\predict\data\severe\e85\trajectories\without_gaps.npy
